<?xml version="1.0" encoding="UTF-8"?>
<!-- Generated by org.testng.reporters.JUnitReportReporter -->
<testsuite skipped="0" hostname="DESKTOP-044PKM4" name="com.facebookAutomation.FacebookTask2" tests="1" failures="0" timestamp="06 Nov 2020 02:08:54 GMT" time="20.907" errors="0">
  <testcase name="registerFacebook" time="20.907" classname="com.facebookAutomation.FacebookTask2"/>
</testsuite> <!-- com.facebookAutomation.FacebookTask2 -->
