<?xml version="1.0" encoding="UTF-8"?>
<!-- Generated by org.testng.reporters.JUnitReportReporter -->
<testsuite skipped="0" hostname="DESKTOP-044PKM4" name="com.facebookAutomation.FacebookTask2" tests="6" failures="0" timestamp="05 Nov 2020 13:07:46 GMT" time="5.368" errors="0">
  <testcase name="enterusernamepsw" time="0.913" classname="com.facebookAutomation.FacebookTask2"/>
  <testcase name="randomlymobileno" time="0.369" classname="com.facebookAutomation.FacebookTask2"/>
  <testcase name="selectdata" time="0.410" classname="com.facebookAutomation.FacebookTask2"/>
  <testcase name="entermonth" time="2.879" classname="com.facebookAutomation.FacebookTask2"/>
  <testcase name="enteryear" time="0.668" classname="com.facebookAutomation.FacebookTask2"/>
  <testcase name="enterradiobtn" time="0.129" classname="com.facebookAutomation.FacebookTask2"/>
</testsuite> <!-- com.facebookAutomation.FacebookTask2 -->
