<?xml version="1.0" encoding="UTF-8"?>
<!-- Generated by org.testng.reporters.JUnitReportReporter -->
<testsuite skipped="0" hostname="DESKTOP-044PKM4" name="com.facebookAutomation.FacebookSignupAssignment" tests="1" failures="0" timestamp="06 Nov 2020 13:31:24 GMT" time="1.604" errors="0">
  <testcase name="registerFacebook" time="1.604" classname="com.facebookAutomation.FacebookSignupAssignment"/>
</testsuite> <!-- com.facebookAutomation.FacebookSignupAssignment -->
